11/08/2022 14:46:03 - [INFO] Logger is initialized
11/08/2022 14:46:03 - [INFO] Launch initialisation script of 'Datas'
11/08/2022 14:46:03 - [INFO] Database connection successfully opened
11/08/2022 14:46:03 - [INFO] Found 23 entites in table metadatas
11/08/2022 14:46:03 - [INFO] Database connection successfully closed
11/08/2022 14:46:03 - [INFO] Database connection successfully opened
11/08/2022 14:46:03 - [INFO] Database connection successfully closed
11/08/2022 14:46:03 - [INFO] Begin process for current metadata 'Arbres alignements Métropole'
11/08/2022 14:46:03 - [INFO] Start task 'Arbres alignements Métropole process' at 11/08/2022, 14:46:03
11/08/2022 14:46:03 - [INFO] Database connection successfully opened
11/08/2022 14:46:03 - [INFO] Found 0 entites in table datas
11/08/2022 14:46:03 - [INFO] Database connection successfully closed
11/08/2022 14:46:03 - [INFO] Load method for 'Arbres alignements Métropole' : external API
11/08/2022 14:46:29 - [INFO] API datas loaded successfully (with 102018 entites) 

11/08/2022 14:46:29 - [INFO] Current projection of dataframe : EPSG:4326
11/08/2022 14:46:33 - [INFO] Successful reproj to : EPSG:2154
11/08/2022 14:46:33 - [INFO] Analyze and delete lines with empty geom in current GeoDataFrame
11/08/2022 14:46:33 - [INFO] 0 empty geom(s) was deleted
11/08/2022 14:46:33 - [INFO] Analyze and repair geom(s) in current GeoDataFrame
11/08/2022 14:46:33 - [INFO] 0 geom(s) was repaired
11/08/2022 14:46:33 - [INFO] Start task 'Export data' at 11/08/2022, 14:46:33
11/08/2022 14:46:56 - [INFO] End task 'Export data' at 11/08/2022, 14:46:56 in 0 days 0 hours 0 min 22 sec 947703 micros
11/08/2022 14:46:56 - [INFO] Trying to launch subscript 'arbre_souche.py' for current metadata 'Arbres alignements Métropole' 
11/08/2022 14:47:05 - [INFO] Child process returned 0
11/08/2022 14:47:05 - [INFO] End of subscript 'arbre_souche.py' for 'Arbres alignements Métropole' 
11/08/2022 14:47:05 - [INFO] GeoJSON file './tmp/temp_result_arbres_alignements_metropole_arbre_souche_11-08-2022_14-46-33.shp' loaded successfully (with 4889 entites)
11/08/2022 14:47:05 - [INFO] Successful convert dataframe geom into WKT format
11/08/2022 14:47:05 - [INFO] Start task 'Inserting GDF data' at 11/08/2022, 14:47:05
11/08/2022 14:47:05 - [INFO] Database connection successfully opened
11/08/2022 14:47:06 - [INFO] Database connection successfully closed
11/08/2022 14:47:06 - [INFO] End task 'Inserting GDF data' at 11/08/2022, 14:47:06 in 0 days 0 hours 0 min 0 sec 503736 micros
11/08/2022 14:47:06 - [INFO] Trying to launch subscript 'arbre.py' for current metadata 'Arbres alignements Métropole' 
11/08/2022 14:47:59 - [INFO] Child process returned 0
11/08/2022 14:47:59 - [INFO] End of subscript 'arbre.py' for 'Arbres alignements Métropole' 
11/08/2022 14:48:01 - [INFO] GeoJSON file './tmp/temp_result_arbres_alignements_metropole_arbre_11-08-2022_14-46-33.shp' loaded successfully (with 74104 entites)
11/08/2022 14:48:02 - [INFO] Successful convert dataframe geom into WKT format
11/08/2022 14:48:02 - [INFO] Start task 'Inserting GDF data' at 11/08/2022, 14:48:02
11/08/2022 14:48:02 - [INFO] Database connection successfully opened
11/08/2022 14:48:04 - [INFO] Database connection successfully closed
11/08/2022 14:48:04 - [INFO] End task 'Inserting GDF data' at 11/08/2022, 14:48:04 in 0 days 0 hours 0 min 2 sec 29229 micros
11/08/2022 14:48:04 - [INFO] Begin process for current metadata 'Parkings surfacique'
11/08/2022 14:48:04 - [INFO] Start task 'Parkings surfacique process' at 11/08/2022, 14:48:04
11/08/2022 14:48:04 - [INFO] Database connection successfully opened
11/08/2022 14:48:04 - [INFO] Found 0 entites in table datas
11/08/2022 14:48:04 - [INFO] Database connection successfully closed
11/08/2022 14:48:04 - [INFO] Load method for 'Parkings surfacique' : local geoJSON or SHP file
11/08/2022 14:48:04 - [INFO] GeoJSON file './file_data/parkingsurfacique.geojson' loaded successfully (with 843 entites)
11/08/2022 14:48:04 - [INFO] Current projection of dataframe : epsg:3946
11/08/2022 14:48:04 - [INFO] Successful reproj to : EPSG:2154
11/08/2022 14:48:04 - [INFO] Analyze and delete lines with empty geom in current GeoDataFrame
11/08/2022 14:48:04 - [INFO] 0 empty geom(s) was deleted
11/08/2022 14:48:04 - [INFO] Analyze and repair geom(s) in current GeoDataFrame
11/08/2022 14:48:04 - [INFO] 1 geom(s) was repaired
11/08/2022 14:48:04 - [INFO] Start task 'Export data' at 11/08/2022, 14:48:04
11/08/2022 14:48:04 - [INFO] End task 'Export data' at 11/08/2022, 14:48:04 in 0 days 0 hours 0 min 0 sec 124 micros
11/08/2022 14:48:04 - [INFO] Successful convert dataframe geom into WKT format
11/08/2022 14:48:04 - [INFO] Start task 'Inserting GDF data' at 11/08/2022, 14:48:04
11/08/2022 14:48:04 - [INFO] Database connection successfully opened
11/08/2022 14:48:04 - [INFO] Database connection successfully closed
11/08/2022 14:48:04 - [INFO] End task 'Inserting GDF data' at 11/08/2022, 14:48:04 in 0 days 0 hours 0 min 0 sec 54652 micros
11/08/2022 14:48:04 - [INFO] Begin process for current metadata 'SLT'
11/08/2022 14:48:04 - [INFO] Start task 'SLT process' at 11/08/2022, 14:48:04
11/08/2022 14:48:04 - [INFO] Database connection successfully opened
11/08/2022 14:48:04 - [INFO] Found 0 entites in table datas
11/08/2022 14:48:04 - [INFO] Database connection successfully closed
11/08/2022 14:48:04 - [INFO] Load method for 'SLT' : local geoJSON or SHP file
11/08/2022 14:48:07 - [INFO] GeoJSON file './file_data/sltmateriel.geojson' loaded successfully (with 48186 entites)
11/08/2022 14:48:07 - [INFO] Current projection of dataframe : epsg:3946
11/08/2022 14:48:09 - [INFO] Successful reproj to : EPSG:2154
11/08/2022 14:48:09 - [INFO] Analyze and delete lines with empty geom in current GeoDataFrame
11/08/2022 14:48:09 - [INFO] 0 empty geom(s) was deleted
11/08/2022 14:48:09 - [INFO] Analyze and repair geom(s) in current GeoDataFrame
11/08/2022 14:48:09 - [INFO] 0 geom(s) was repaired
11/08/2022 14:48:09 - [INFO] Start task 'Export data' at 11/08/2022, 14:48:09
11/08/2022 14:48:13 - [INFO] End task 'Export data' at 11/08/2022, 14:48:13 in 0 days 0 hours 0 min 4 sec 36131 micros
11/08/2022 14:48:13 - [INFO] Trying to launch subscript 'slt.py' for current metadata 'SLT' 
11/08/2022 14:48:32 - [INFO] Child process returned 0
11/08/2022 14:48:32 - [INFO] End of subscript 'slt.py' for 'SLT' 
11/08/2022 14:48:33 - [INFO] GeoJSON file './tmp/temp_result_slt_slt_11-08-2022_14-48-09.shp' loaded successfully (with 24338 entites)
11/08/2022 14:48:34 - [INFO] Successful convert dataframe geom into WKT format
11/08/2022 14:48:34 - [INFO] Start task 'Inserting GDF data' at 11/08/2022, 14:48:34
11/08/2022 14:48:34 - [INFO] Database connection successfully opened
11/08/2022 14:48:37 - [INFO] Database connection successfully closed
11/08/2022 14:48:37 - [INFO] End task 'Inserting GDF data' at 11/08/2022, 14:48:37 in 0 days 0 hours 0 min 3 sec 98889 micros
11/08/2022 14:48:37 - [INFO] Begin process for current metadata 'Stations velov'
11/08/2022 14:48:37 - [INFO] Start task 'Stations velov process' at 11/08/2022, 14:48:37
11/08/2022 14:48:37 - [INFO] Database connection successfully opened
11/08/2022 14:48:37 - [INFO] Found 0 entites in table datas
11/08/2022 14:48:37 - [INFO] Database connection successfully closed
11/08/2022 14:48:37 - [INFO] Load method for 'Stations velov' : local geoJSON or SHP file
11/08/2022 14:48:37 - [INFO] GeoJSON file './file_data/station_velov.geojson' loaded successfully (with 431 entites)
11/08/2022 14:48:37 - [INFO] Current projection of dataframe : epsg:2154
11/08/2022 14:48:37 - [INFO] No need to reproj this dataframe
11/08/2022 14:48:37 - [INFO] Analyze and delete lines with empty geom in current GeoDataFrame
11/08/2022 14:48:37 - [INFO] 0 empty geom(s) was deleted
11/08/2022 14:48:37 - [INFO] Analyze and repair geom(s) in current GeoDataFrame
11/08/2022 14:48:37 - [INFO] 0 geom(s) was repaired
11/08/2022 14:48:37 - [INFO] Start task 'Export data' at 11/08/2022, 14:48:37
11/08/2022 14:48:37 - [INFO] End task 'Export data' at 11/08/2022, 14:48:37 in 0 days 0 hours 0 min 0 sec 60094 micros
11/08/2022 14:48:37 - [INFO] Trying to launch subscript 'velov.py' for current metadata 'Stations velov' 
11/08/2022 14:48:38 - [INFO] Child process returned 0
11/08/2022 14:48:38 - [INFO] End of subscript 'velov.py' for 'Stations velov' 
11/08/2022 14:48:38 - [INFO] GeoJSON file './tmp/temp_result_stations_velov_velov_11-08-2022_14-48-37.shp' loaded successfully (with 431 entites)
11/08/2022 14:48:38 - [INFO] Successful convert dataframe geom into WKT format
11/08/2022 14:48:38 - [INFO] Start task 'Inserting GDF data' at 11/08/2022, 14:48:38
11/08/2022 14:48:38 - [INFO] Database connection successfully opened
11/08/2022 14:48:38 - [INFO] Database connection successfully closed
11/08/2022 14:48:38 - [INFO] End task 'Inserting GDF data' at 11/08/2022, 14:48:38 in 0 days 0 hours 0 min 0 sec 69432 micros
11/08/2022 14:48:38 - [INFO] Begin process for current metadata 'Arrêts transport en commun'
11/08/2022 14:48:38 - [INFO] Start task 'Arrêts transport en commun process' at 11/08/2022, 14:48:38
11/08/2022 14:48:38 - [INFO] Database connection successfully opened
11/08/2022 14:48:38 - [INFO] Found 0 entites in table datas
11/08/2022 14:48:38 - [INFO] Database connection successfully closed
11/08/2022 14:48:38 - [INFO] Load method for 'Arrêts transport en commun' : local geoJSON or SHP file
11/08/2022 14:48:38 - [INFO] GeoJSON file './file_data/pt_arret_tcl.geojson' loaded successfully (with 4657 entites)
11/08/2022 14:48:38 - [INFO] Current projection of dataframe : epsg:2154
11/08/2022 14:48:38 - [INFO] No need to reproj this dataframe
11/08/2022 14:48:38 - [INFO] Analyze and delete lines with empty geom in current GeoDataFrame
11/08/2022 14:48:38 - [INFO] 0 empty geom(s) was deleted
11/08/2022 14:48:38 - [INFO] Analyze and repair geom(s) in current GeoDataFrame
11/08/2022 14:48:38 - [INFO] 0 geom(s) was repaired
11/08/2022 14:48:38 - [INFO] Start task 'Export data' at 11/08/2022, 14:48:38
11/08/2022 14:48:39 - [INFO] End task 'Export data' at 11/08/2022, 14:48:39 in 0 days 0 hours 0 min 0 sec 354494 micros
11/08/2022 14:48:39 - [INFO] Trying to launch subscript 'transport.py' for current metadata 'Arrêts transport en commun' 
11/08/2022 14:48:41 - [INFO] Child process returned 0
11/08/2022 14:48:41 - [INFO] End of subscript 'transport.py' for 'Arrêts transport en commun' 
11/08/2022 14:48:41 - [INFO] GeoJSON file './tmp/temp_result_arrets_transport_en_commun_transport_11-08-2022_14-48-38.shp' loaded successfully (with 4587 entites)
11/08/2022 14:48:41 - [INFO] Successful convert dataframe geom into WKT format
11/08/2022 14:48:41 - [INFO] Start task 'Inserting GDF data' at 11/08/2022, 14:48:41
11/08/2022 14:48:41 - [INFO] Database connection successfully opened
11/08/2022 14:48:42 - [INFO] Database connection successfully closed
11/08/2022 14:48:42 - [INFO] End task 'Inserting GDF data' at 11/08/2022, 14:48:42 in 0 days 0 hours 0 min 0 sec 489927 micros
11/08/2022 14:48:42 - [INFO] Begin process for current metadata 'Batiments'
11/08/2022 14:48:42 - [INFO] Start task 'Batiments process' at 11/08/2022, 14:48:42
11/08/2022 14:48:42 - [INFO] Database connection successfully opened
11/08/2022 14:48:42 - [INFO] Found 0 entites in table datas
11/08/2022 14:48:42 - [INFO] Database connection successfully closed
11/08/2022 14:48:42 - [INFO] Load method for 'Batiments' : local geoJSON or SHP file
11/08/2022 14:48:50 - [INFO] GeoJSON file './file_data/batiments_geom.shp' loaded successfully (with 310535 entites)
11/08/2022 14:48:50 - [INFO] Current projection of dataframe : epsg:2154
11/08/2022 14:48:50 - [INFO] No need to reproj this dataframe
11/08/2022 14:48:50 - [INFO] Analyze and delete lines with empty geom in current GeoDataFrame
11/08/2022 14:48:51 - [INFO] 0 empty geom(s) was deleted
11/08/2022 14:48:51 - [INFO] Analyze and repair geom(s) in current GeoDataFrame
11/08/2022 14:48:52 - [INFO] 0 geom(s) was repaired
11/08/2022 14:48:52 - [INFO] Start task 'Export data' at 11/08/2022, 14:48:52
11/08/2022 14:49:24 - [INFO] End task 'Export data' at 11/08/2022, 14:49:24 in 0 days 0 hours 0 min 32 sec 325336 micros
11/08/2022 14:49:24 - [INFO] Trying to launch subscript 'batiment.py' for current metadata 'Batiments' 
11/08/2022 14:50:02 - [INFO] Child process returned 0
11/08/2022 14:50:02 - [INFO] End of subscript 'batiment.py' for 'Batiments' 
11/08/2022 14:50:11 - [INFO] GeoJSON file './tmp/temp_result_batiments_batiment_11-08-2022_14-48-52.shp' loaded successfully (with 310535 entites)
11/08/2022 14:50:16 - [INFO] Successful convert dataframe geom into WKT format
11/08/2022 14:50:16 - [INFO] Start task 'Inserting GDF data' at 11/08/2022, 14:50:16
11/08/2022 14:50:16 - [INFO] Database connection successfully opened
11/08/2022 14:50:25 - [INFO] Database connection successfully closed
11/08/2022 14:50:25 - [INFO] End task 'Inserting GDF data' at 11/08/2022, 14:50:25 in 0 days 0 hours 0 min 8 sec 572128 micros
11/08/2022 14:50:25 - [INFO] Trying to launch subscript 'facade.py' for current metadata 'Batiments' 
11/08/2022 14:55:41 - [INFO] Child process returned 0
11/08/2022 14:55:41 - [INFO] End of subscript 'facade.py' for 'Batiments' 
11/08/2022 14:55:45 - [INFO] GeoJSON file './tmp/temp_result_batiments_facade_11-08-2022_14-48-52.shp' loaded successfully (with 132085 entites)
11/08/2022 14:55:47 - [INFO] Successful convert dataframe geom into WKT format
11/08/2022 14:55:47 - [INFO] Start task 'Inserting GDF data' at 11/08/2022, 14:55:47
11/08/2022 14:55:47 - [INFO] Database connection successfully opened
11/08/2022 14:55:52 - [INFO] Database connection successfully closed
11/08/2022 14:55:52 - [INFO] End task 'Inserting GDF data' at 11/08/2022, 14:55:52 in 0 days 0 hours 0 min 4 sec 614670 micros
11/08/2022 14:55:52 - [INFO] Begin process for current metadata 'Friches'
11/08/2022 14:55:52 - [INFO] Start task 'Friches process' at 11/08/2022, 14:55:52
11/08/2022 14:55:52 - [INFO] Database connection successfully opened
11/08/2022 14:55:52 - [INFO] Found 0 entites in table datas
11/08/2022 14:55:52 - [INFO] Database connection successfully closed
11/08/2022 14:55:53 - [INFO] Load method for 'Friches' : local geoJSON or SHP file
11/08/2022 14:55:53 - [INFO] GeoJSON file './file_data/cartofriches.geojson' loaded successfully (with 28 entites)
11/08/2022 14:55:53 - [INFO] Current projection of dataframe : epsg:4326
11/08/2022 14:55:53 - [INFO] Successful reproj to : EPSG:2154
11/08/2022 14:55:53 - [INFO] Analyze and delete lines with empty geom in current GeoDataFrame
11/08/2022 14:55:53 - [INFO] 0 empty geom(s) was deleted
11/08/2022 14:55:53 - [INFO] Analyze and repair geom(s) in current GeoDataFrame
11/08/2022 14:55:53 - [INFO] 0 geom(s) was repaired
11/08/2022 14:55:53 - [INFO] Start task 'Export data' at 11/08/2022, 14:55:53
11/08/2022 14:55:53 - [INFO] End task 'Export data' at 11/08/2022, 14:55:53 in 0 days 0 hours 0 min 0 sec 59 micros
11/08/2022 14:55:53 - [INFO] Successful convert dataframe geom into WKT format
11/08/2022 14:55:53 - [INFO] Start task 'Inserting GDF data' at 11/08/2022, 14:55:53
11/08/2022 14:55:53 - [INFO] Database connection successfully opened
11/08/2022 14:55:53 - [INFO] Database connection successfully closed
11/08/2022 14:55:53 - [INFO] End task 'Inserting GDF data' at 11/08/2022, 14:55:53 in 0 days 0 hours 0 min 0 sec 28165 micros
11/08/2022 14:55:53 - [INFO] Begin process for current metadata 'Assainissement'
11/08/2022 14:55:53 - [INFO] Start task 'Assainissement process' at 11/08/2022, 14:55:53
11/08/2022 14:55:53 - [INFO] Database connection successfully opened
11/08/2022 14:55:53 - [INFO] Found 0 entites in table datas
11/08/2022 14:55:53 - [INFO] Database connection successfully closed
11/08/2022 14:55:53 - [INFO] Load method for 'Assainissement' : local geoJSON or SHP file
11/08/2022 14:55:54 - [INFO] GeoJSON file './file_data/assainissement.geojson' loaded successfully (with 4 entites)
11/08/2022 14:55:54 - [INFO] Current projection of dataframe : epsg:2154
11/08/2022 14:55:54 - [INFO] No need to reproj this dataframe
11/08/2022 14:55:54 - [INFO] Analyze and delete lines with empty geom in current GeoDataFrame
11/08/2022 14:55:54 - [INFO] 0 empty geom(s) was deleted
11/08/2022 14:55:54 - [INFO] Analyze and repair geom(s) in current GeoDataFrame
11/08/2022 14:55:54 - [INFO] 0 geom(s) was repaired
11/08/2022 14:55:54 - [INFO] Start task 'Export data' at 11/08/2022, 14:55:54
11/08/2022 14:56:02 - [INFO] End task 'Export data' at 11/08/2022, 14:56:02 in 0 days 0 hours 0 min 7 sec 953748 micros
11/08/2022 14:56:02 - [INFO] Trying to launch subscript 'assainissement.py' for current metadata 'Assainissement' 
11/08/2022 14:56:42 - [INFO] Child process returned 0
11/08/2022 14:56:42 - [INFO] End of subscript 'assainissement.py' for 'Assainissement' 
11/08/2022 14:56:42 - [INFO] GeoJSON file './tmp/temp_result_assainissement_assainissement_11-08-2022_14-55-54.shp' loaded successfully (with 596 entites)
11/08/2022 14:56:43 - [INFO] Successful convert dataframe geom into WKT format
11/08/2022 14:56:43 - [INFO] Start task 'Inserting GDF data' at 11/08/2022, 14:56:43
11/08/2022 14:56:43 - [INFO] Database connection successfully opened
11/08/2022 14:56:46 - [INFO] Database connection successfully closed
11/08/2022 14:56:46 - [INFO] End task 'Inserting GDF data' at 11/08/2022, 14:56:46 in 0 days 0 hours 0 min 2 sec 745811 micros
11/08/2022 14:56:46 - [INFO] Begin process for current metadata 'Espaces publics'
11/08/2022 14:56:46 - [INFO] Start task 'Espaces publics process' at 11/08/2022, 14:56:46
11/08/2022 14:56:46 - [INFO] Database connection successfully opened
11/08/2022 14:56:46 - [INFO] Found 0 entites in table datas
11/08/2022 14:56:46 - [INFO] Database connection successfully closed
11/08/2022 14:56:46 - [INFO] Load method for 'Espaces publics' : local geoJSON or SHP file
11/08/2022 14:56:47 - [INFO] GeoJSON file './file_data/espacepublic.geojson' loaded successfully (with 3083 entites)
11/08/2022 14:56:47 - [INFO] Current projection of dataframe : epsg:3946
11/08/2022 14:56:48 - [INFO] Successful reproj to : EPSG:2154
11/08/2022 14:56:48 - [INFO] Analyze and delete lines with empty geom in current GeoDataFrame
11/08/2022 14:56:48 - [INFO] 0 empty geom(s) was deleted
11/08/2022 14:56:48 - [INFO] Analyze and repair geom(s) in current GeoDataFrame
11/08/2022 14:56:48 - [INFO] 16 geom(s) was repaired
11/08/2022 14:56:48 - [INFO] Start task 'Export data' at 11/08/2022, 14:56:48
11/08/2022 14:56:50 - [INFO] End task 'Export data' at 11/08/2022, 14:56:50 in 0 days 0 hours 0 min 1 sec 828777 micros
11/08/2022 14:56:50 - [INFO] Trying to launch subscript 'parc.py' for current metadata 'Espaces publics' 
11/08/2022 14:56:51 - [INFO] Child process returned 0
11/08/2022 14:56:51 - [INFO] End of subscript 'parc.py' for 'Espaces publics' 
11/08/2022 14:56:51 - [INFO] GeoJSON file './tmp/temp_result_espaces_publics_parc_11-08-2022_14-56-48.shp' loaded successfully (with 266 entites)
11/08/2022 14:56:51 - [INFO] Successful convert dataframe geom into WKT format
11/08/2022 14:56:51 - [INFO] Start task 'Inserting GDF data' at 11/08/2022, 14:56:51
11/08/2022 14:56:51 - [INFO] Database connection successfully opened
11/08/2022 14:56:51 - [INFO] Database connection successfully closed
11/08/2022 14:56:51 - [INFO] End task 'Inserting GDF data' at 11/08/2022, 14:56:51 in 0 days 0 hours 0 min 0 sec 82993 micros
11/08/2022 14:56:51 - [INFO] Trying to launch subscript 'giratoire.py' for current metadata 'Espaces publics' 
11/08/2022 14:56:52 - [INFO] Child process returned 0
11/08/2022 14:56:52 - [INFO] End of subscript 'giratoire.py' for 'Espaces publics' 
11/08/2022 14:56:53 - [INFO] GeoJSON file './tmp/temp_result_espaces_publics_giratoire_11-08-2022_14-56-48.shp' loaded successfully (with 433 entites)
11/08/2022 14:56:53 - [INFO] Successful convert dataframe geom into WKT format
11/08/2022 14:56:53 - [INFO] Start task 'Inserting GDF data' at 11/08/2022, 14:56:53
11/08/2022 14:56:53 - [INFO] Database connection successfully opened
11/08/2022 14:56:53 - [INFO] Database connection successfully closed
11/08/2022 14:56:53 - [INFO] End task 'Inserting GDF data' at 11/08/2022, 14:56:53 in 0 days 0 hours 0 min 0 sec 219015 micros
11/08/2022 14:56:53 - [INFO] Trying to launch subscript 'jeux.py' for current metadata 'Espaces publics' 
11/08/2022 14:56:54 - [INFO] Child process returned 0
11/08/2022 14:56:54 - [INFO] End of subscript 'jeux.py' for 'Espaces publics' 
11/08/2022 14:56:54 - [INFO] GeoJSON file './tmp/temp_result_espaces_publics_jeux_11-08-2022_14-56-48.shp' loaded successfully (with 830 entites)
11/08/2022 14:56:54 - [INFO] Successful convert dataframe geom into WKT format
11/08/2022 14:56:54 - [INFO] Start task 'Inserting GDF data' at 11/08/2022, 14:56:54
11/08/2022 14:56:54 - [INFO] Database connection successfully opened
11/08/2022 14:56:54 - [INFO] Database connection successfully closed
11/08/2022 14:56:54 - [INFO] End task 'Inserting GDF data' at 11/08/2022, 14:56:54 in 0 days 0 hours 0 min 0 sec 197468 micros
11/08/2022 14:56:54 - [INFO] Trying to launch subscript 'friche_nat.py' for current metadata 'Espaces publics' 
11/08/2022 14:56:55 - [INFO] Child process returned 0
11/08/2022 14:56:55 - [INFO] End of subscript 'friche_nat.py' for 'Espaces publics' 
11/08/2022 14:56:55 - [INFO] GeoJSON file './tmp/temp_result_espaces_publics_friche_nat_11-08-2022_14-56-48.shp' loaded successfully (with 179 entites)
11/08/2022 14:56:55 - [INFO] Successful convert dataframe geom into WKT format
11/08/2022 14:56:55 - [INFO] Start task 'Inserting GDF data' at 11/08/2022, 14:56:55
11/08/2022 14:56:55 - [INFO] Database connection successfully opened
11/08/2022 14:56:56 - [INFO] Database connection successfully closed
11/08/2022 14:56:56 - [INFO] End task 'Inserting GDF data' at 11/08/2022, 14:56:56 in 0 days 0 hours 0 min 0 sec 111963 micros
11/08/2022 14:56:56 - [INFO] Begin process for current metadata 'Réseau Fibre'
11/08/2022 14:56:56 - [INFO] Start task 'Réseau Fibre process' at 11/08/2022, 14:56:56
11/08/2022 14:56:56 - [INFO] Database connection successfully opened
11/08/2022 14:56:56 - [INFO] Found 0 entites in table datas
11/08/2022 14:56:56 - [INFO] Database connection successfully closed
11/08/2022 14:56:56 - [INFO] Load method for 'Réseau Fibre' : local geoJSON or SHP file
11/08/2022 14:56:57 - [INFO] GeoJSON file './file_data/fibre.geojson' loaded successfully (with 6299 entites)
11/08/2022 14:56:57 - [INFO] Current projection of dataframe : epsg:2154
11/08/2022 14:56:57 - [INFO] No need to reproj this dataframe
11/08/2022 14:56:57 - [INFO] Analyze and delete lines with empty geom in current GeoDataFrame
11/08/2022 14:56:57 - [INFO] 0 empty geom(s) was deleted
11/08/2022 14:56:57 - [INFO] Analyze and repair geom(s) in current GeoDataFrame
11/08/2022 14:56:57 - [INFO] 0 geom(s) was repaired
11/08/2022 14:56:57 - [INFO] Start task 'Export data' at 11/08/2022, 14:56:57
11/08/2022 14:56:57 - [INFO] End task 'Export data' at 11/08/2022, 14:56:57 in 0 days 0 hours 0 min 0 sec 690867 micros
11/08/2022 14:56:57 - [INFO] Trying to launch subscript 'fibre.py' for current metadata 'Réseau Fibre' 
11/08/2022 14:57:26 - [INFO] Child process returned 0
11/08/2022 14:57:26 - [INFO] End of subscript 'fibre.py' for 'Réseau Fibre' 
11/08/2022 14:57:26 - [INFO] GeoJSON file './tmp/temp_result_reseau_fibre_fibre_11-08-2022_14-56-57.shp' loaded successfully (with 11 entites)
11/08/2022 14:57:27 - [INFO] Successful convert dataframe geom into WKT format
11/08/2022 14:57:27 - [INFO] Start task 'Inserting GDF data' at 11/08/2022, 14:57:27
11/08/2022 14:57:27 - [INFO] Database connection successfully opened
11/08/2022 14:57:28 - [INFO] Database connection successfully closed
11/08/2022 14:57:28 - [INFO] End task 'Inserting GDF data' at 11/08/2022, 14:57:28 in 0 days 0 hours 0 min 1 sec 333769 micros
11/08/2022 14:57:28 - [INFO] Begin process for current metadata 'Marchés forains'
11/08/2022 14:57:28 - [INFO] Start task 'Marchés forains process' at 11/08/2022, 14:57:28
11/08/2022 14:57:28 - [INFO] Database connection successfully opened
11/08/2022 14:57:28 - [INFO] Found 0 entites in table datas
11/08/2022 14:57:28 - [INFO] Database connection successfully closed
11/08/2022 14:57:28 - [INFO] Load method for 'Marchés forains' : external API
11/08/2022 14:57:29 - [INFO] API datas loaded successfully (with 166 entites) 

11/08/2022 14:57:29 - [INFO] Current projection of dataframe : EPSG:4326
11/08/2022 14:57:29 - [INFO] Successful reproj to : EPSG:2154
11/08/2022 14:57:29 - [INFO] Analyze and delete lines with empty geom in current GeoDataFrame
11/08/2022 14:57:29 - [INFO] 0 empty geom(s) was deleted
11/08/2022 14:57:29 - [INFO] Analyze and repair geom(s) in current GeoDataFrame
11/08/2022 14:57:29 - [INFO] 0 geom(s) was repaired
11/08/2022 14:57:29 - [INFO] Start task 'Export data' at 11/08/2022, 14:57:29
11/08/2022 14:57:29 - [INFO] End task 'Export data' at 11/08/2022, 14:57:29 in 0 days 0 hours 0 min 0 sec 71 micros
11/08/2022 14:57:29 - [INFO] Successful convert dataframe geom into WKT format
11/08/2022 14:57:29 - [INFO] Start task 'Inserting GDF data' at 11/08/2022, 14:57:29
11/08/2022 14:57:29 - [INFO] Database connection successfully opened
11/08/2022 14:57:29 - [INFO] Database connection successfully closed
11/08/2022 14:57:29 - [INFO] End task 'Inserting GDF data' at 11/08/2022, 14:57:29 in 0 days 0 hours 0 min 0 sec 34259 micros
11/08/2022 14:57:29 - [INFO] Begin process for current metadata 'Pistes cyclables'
11/08/2022 14:57:29 - [INFO] Start task 'Pistes cyclables process' at 11/08/2022, 14:57:29
11/08/2022 14:57:29 - [INFO] Database connection successfully opened
11/08/2022 14:57:29 - [INFO] Found 0 entites in table datas
11/08/2022 14:57:29 - [INFO] Database connection successfully closed
11/08/2022 14:57:29 - [INFO] Load method for 'Pistes cyclables' : local geoJSON or SHP file
11/08/2022 14:57:29 - [INFO] GeoJSON file './file_data/pistes_cyclables.geojson' loaded successfully (with 4006 entites)
11/08/2022 14:57:29 - [INFO] Current projection of dataframe : epsg:2154
11/08/2022 14:57:29 - [INFO] No need to reproj this dataframe
11/08/2022 14:57:29 - [INFO] Analyze and delete lines with empty geom in current GeoDataFrame
11/08/2022 14:57:29 - [INFO] 0 empty geom(s) was deleted
11/08/2022 14:57:29 - [INFO] Analyze and repair geom(s) in current GeoDataFrame
11/08/2022 14:57:29 - [INFO] 0 geom(s) was repaired
11/08/2022 14:57:29 - [INFO] Start task 'Export data' at 11/08/2022, 14:57:29
11/08/2022 14:57:30 - [INFO] End task 'Export data' at 11/08/2022, 14:57:30 in 0 days 0 hours 0 min 0 sec 751850 micros
11/08/2022 14:57:30 - [INFO] Trying to launch subscript 'piste_cyclable.py' for current metadata 'Pistes cyclables' 
11/08/2022 14:57:33 - [INFO] Child process returned 0
11/08/2022 14:57:33 - [INFO] End of subscript 'piste_cyclable.py' for 'Pistes cyclables' 
11/08/2022 14:57:33 - [INFO] GeoJSON file './tmp/temp_result_pistes_cyclables_piste_cyclable_11-08-2022_14-57-29.shp' loaded successfully (with 579 entites)
11/08/2022 14:57:33 - [INFO] Successful convert dataframe geom into WKT format
11/08/2022 14:57:33 - [INFO] Start task 'Inserting GDF data' at 11/08/2022, 14:57:33
11/08/2022 14:57:33 - [INFO] Database connection successfully opened
11/08/2022 14:57:33 - [INFO] Database connection successfully closed
11/08/2022 14:57:33 - [INFO] End task 'Inserting GDF data' at 11/08/2022, 14:57:33 in 0 days 0 hours 0 min 0 sec 392425 micros
11/08/2022 14:57:33 - [INFO] Begin process for current metadata 'Plan eau'
11/08/2022 14:57:33 - [INFO] Start task 'Plan eau process' at 11/08/2022, 14:57:33
11/08/2022 14:57:33 - [INFO] Database connection successfully opened
11/08/2022 14:57:33 - [INFO] Found 0 entites in table datas
11/08/2022 14:57:33 - [INFO] Database connection successfully closed
11/08/2022 14:57:34 - [INFO] Load method for 'Plan eau' : local geoJSON or SHP file
11/08/2022 14:57:35 - [INFO] GeoJSON file './file_data/plan_deau.geojson' loaded successfully (with 3486 entites)
11/08/2022 14:57:35 - [INFO] Current projection of dataframe : epsg:2154
11/08/2022 14:57:35 - [INFO] No need to reproj this dataframe
11/08/2022 14:57:35 - [INFO] Analyze and delete lines with empty geom in current GeoDataFrame
11/08/2022 14:57:35 - [INFO] 0 empty geom(s) was deleted
11/08/2022 14:57:35 - [INFO] Analyze and repair geom(s) in current GeoDataFrame
11/08/2022 14:57:35 - [INFO] 0 geom(s) was repaired
11/08/2022 14:57:35 - [INFO] Start task 'Export data' at 11/08/2022, 14:57:35
11/08/2022 14:57:36 - [INFO] End task 'Export data' at 11/08/2022, 14:57:36 in 0 days 0 hours 0 min 0 sec 884775 micros
11/08/2022 14:57:36 - [INFO] Trying to launch subscript 'plan_eau.py' for current metadata 'Plan eau' 
11/08/2022 14:57:42 - [INFO] Child process returned 0
11/08/2022 14:57:42 - [INFO] End of subscript 'plan_eau.py' for 'Plan eau' 
11/08/2022 14:57:42 - [INFO] GeoJSON file './tmp/temp_result_plan_eau_plan_eau_11-08-2022_14-57-35.shp' loaded successfully (with 3403 entites)
11/08/2022 14:57:42 - [INFO] Successful convert dataframe geom into WKT format
11/08/2022 14:57:42 - [INFO] Start task 'Inserting GDF data' at 11/08/2022, 14:57:42
11/08/2022 14:57:42 - [INFO] Database connection successfully opened
11/08/2022 14:57:44 - [INFO] Database connection successfully closed
11/08/2022 14:57:44 - [INFO] End task 'Inserting GDF data' at 11/08/2022, 14:57:44 in 0 days 0 hours 0 min 1 sec 619334 micros
11/08/2022 14:57:44 - [INFO] Begin process for current metadata 'Ponts'
11/08/2022 14:57:44 - [INFO] Start task 'Ponts process' at 11/08/2022, 14:57:44
11/08/2022 14:57:44 - [INFO] Database connection successfully opened
11/08/2022 14:57:44 - [INFO] Found 0 entites in table datas
11/08/2022 14:57:44 - [INFO] Database connection successfully closed
11/08/2022 14:57:44 - [INFO] Load method for 'Ponts' : local geoJSON or SHP file
11/08/2022 14:57:44 - [INFO] GeoJSON file './file_data/pont.geojson' loaded successfully (with 1351 entites)
11/08/2022 14:57:44 - [INFO] Current projection of dataframe : epsg:4326
11/08/2022 14:57:44 - [INFO] Successful reproj to : EPSG:2154
11/08/2022 14:57:44 - [INFO] Analyze and delete lines with empty geom in current GeoDataFrame
11/08/2022 14:57:44 - [INFO] 0 empty geom(s) was deleted
11/08/2022 14:57:44 - [INFO] Analyze and repair geom(s) in current GeoDataFrame
11/08/2022 14:57:44 - [INFO] 2 geom(s) was repaired
11/08/2022 14:57:44 - [INFO] Start task 'Export data' at 11/08/2022, 14:57:44
11/08/2022 14:57:44 - [INFO] End task 'Export data' at 11/08/2022, 14:57:44 in 0 days 0 hours 0 min 0 sec 184691 micros
11/08/2022 14:57:44 - [INFO] Trying to launch subscript 'pont.py' for current metadata 'Ponts' 
11/08/2022 14:57:45 - [INFO] Child process returned 0
11/08/2022 14:57:45 - [INFO] End of subscript 'pont.py' for 'Ponts' 
11/08/2022 14:57:45 - [INFO] GeoJSON file './tmp/temp_result_ponts_pont_11-08-2022_14-57-44.shp' loaded successfully (with 1351 entites)
11/08/2022 14:57:45 - [INFO] Successful convert dataframe geom into WKT format
11/08/2022 14:57:45 - [INFO] Start task 'Inserting GDF data' at 11/08/2022, 14:57:45
11/08/2022 14:57:45 - [INFO] Database connection successfully opened
11/08/2022 14:57:46 - [INFO] Database connection successfully closed
11/08/2022 14:57:46 - [INFO] End task 'Inserting GDF data' at 11/08/2022, 14:57:46 in 0 days 0 hours 0 min 0 sec 225368 micros
11/08/2022 14:57:46 - [INFO] Begin process for current metadata 'Réseau chaleur urbain'
11/08/2022 14:57:46 - [INFO] Start task 'Réseau chaleur urbain process' at 11/08/2022, 14:57:46
11/08/2022 14:57:46 - [INFO] Database connection successfully opened
11/08/2022 14:57:46 - [INFO] Found 0 entites in table datas
11/08/2022 14:57:46 - [INFO] Database connection successfully closed
11/08/2022 14:57:46 - [INFO] Load method for 'Réseau chaleur urbain' : local geoJSON or SHP file
11/08/2022 14:57:55 - [INFO] GeoJSON file './file_data/rsx_chaleur.geojson' loaded successfully (with 80391 entites)
11/08/2022 14:57:55 - [INFO] Current projection of dataframe : epsg:2154
11/08/2022 14:57:55 - [INFO] No need to reproj this dataframe
11/08/2022 14:57:55 - [INFO] Analyze and delete lines with empty geom in current GeoDataFrame
11/08/2022 14:57:55 - [INFO] 0 empty geom(s) was deleted
11/08/2022 14:57:55 - [INFO] Analyze and repair geom(s) in current GeoDataFrame
11/08/2022 14:57:55 - [INFO] 0 geom(s) was repaired
11/08/2022 14:57:55 - [INFO] Start task 'Export data' at 11/08/2022, 14:57:55
11/08/2022 14:58:16 - [INFO] End task 'Export data' at 11/08/2022, 14:58:16 in 0 days 0 hours 0 min 20 sec 475084 micros
11/08/2022 14:58:16 - [INFO] Trying to launch subscript 'rsx_chaleur.py' for current metadata 'Réseau chaleur urbain' 
11/08/2022 14:58:46 - [INFO] Child process returned 0
11/08/2022 14:58:46 - [INFO] End of subscript 'rsx_chaleur.py' for 'Réseau chaleur urbain' 
11/08/2022 14:58:46 - [INFO] GeoJSON file './tmp/temp_result_reseau_chaleur_urbain_rsx_chaleur_11-08-2022_14-57-55.shp' loaded successfully (with 25 entites)
11/08/2022 14:58:47 - [INFO] Successful convert dataframe geom into WKT format
11/08/2022 14:58:47 - [INFO] Start task 'Inserting GDF data' at 11/08/2022, 14:58:47
11/08/2022 14:58:47 - [INFO] Database connection successfully opened
11/08/2022 14:58:48 - [INFO] Database connection successfully closed
11/08/2022 14:58:48 - [INFO] End task 'Inserting GDF data' at 11/08/2022, 14:58:48 in 0 days 0 hours 0 min 1 sec 365448 micros
11/08/2022 14:58:48 - [INFO] Begin process for current metadata 'Voies ferrées'
11/08/2022 14:58:48 - [INFO] Start task 'Voies ferrées process' at 11/08/2022, 14:58:48
11/08/2022 14:58:48 - [INFO] Database connection successfully opened
11/08/2022 14:58:48 - [INFO] Found 0 entites in table datas
11/08/2022 14:58:48 - [INFO] Database connection successfully closed
11/08/2022 14:58:49 - [INFO] Load method for 'Voies ferrées' : external API
11/08/2022 14:58:50 - [INFO] API datas loaded successfully (with 4554 entites) 

11/08/2022 14:58:50 - [INFO] Current projection of dataframe : EPSG:4326
11/08/2022 14:58:50 - [INFO] Successful reproj to : EPSG:2154
11/08/2022 14:58:50 - [INFO] Analyze and delete lines with empty geom in current GeoDataFrame
11/08/2022 14:58:50 - [INFO] 0 empty geom(s) was deleted
11/08/2022 14:58:50 - [INFO] Analyze and repair geom(s) in current GeoDataFrame
11/08/2022 14:58:50 - [INFO] 0 geom(s) was repaired
11/08/2022 14:58:50 - [INFO] Start task 'Export data' at 11/08/2022, 14:58:50
11/08/2022 14:58:51 - [INFO] End task 'Export data' at 11/08/2022, 14:58:51 in 0 days 0 hours 0 min 0 sec 641515 micros
11/08/2022 14:58:51 - [INFO] Trying to launch subscript 'voie_ferree.py' for current metadata 'Voies ferrées' 
11/08/2022 14:58:55 - [INFO] Child process returned 0
11/08/2022 14:58:55 - [INFO] End of subscript 'voie_ferree.py' for 'Voies ferrées' 
11/08/2022 14:58:55 - [INFO] GeoJSON file './tmp/temp_result_voies_ferrees_voie_ferree_11-08-2022_14-58-50.shp' loaded successfully (with 129 entites)
11/08/2022 14:58:55 - [INFO] Successful convert dataframe geom into WKT format
11/08/2022 14:58:55 - [INFO] Start task 'Inserting GDF data' at 11/08/2022, 14:58:55
11/08/2022 14:58:55 - [INFO] Database connection successfully opened
11/08/2022 14:58:55 - [INFO] Database connection successfully closed
11/08/2022 14:58:55 - [INFO] End task 'Inserting GDF data' at 11/08/2022, 14:58:55 in 0 days 0 hours 0 min 0 sec 379816 micros
11/08/2022 14:58:55 - [INFO] Begin process for current metadata 'EVA 2015'
11/08/2022 14:58:55 - [INFO] Start task 'EVA 2015 process' at 11/08/2022, 14:58:55
11/08/2022 14:58:55 - [INFO] Database connection successfully opened
11/08/2022 14:58:55 - [INFO] Found 0 entites in table datas
11/08/2022 14:58:55 - [INFO] Database connection successfully closed
11/08/2022 14:58:55 - [INFO] Load method for 'EVA 2015' : local geoJSON or SHP file
11/08/2022 14:59:31 - [INFO] GeoJSON file './file_data/new_all_eva.shp' loaded successfully (with 1198 entites)
11/08/2022 14:59:31 - [INFO] Current projection of dataframe : epsg:2154
11/08/2022 14:59:31 - [INFO] No need to reproj this dataframe
11/08/2022 14:59:31 - [INFO] Analyze and delete lines with empty geom in current GeoDataFrame
11/08/2022 14:59:31 - [INFO] 0 empty geom(s) was deleted
11/08/2022 14:59:31 - [INFO] Analyze and repair geom(s) in current GeoDataFrame
11/08/2022 14:59:50 - [INFO] 0 geom(s) was repaired
11/08/2022 14:59:50 - [INFO] Start task 'Export data' at 11/08/2022, 14:59:50
11/08/2022 15:04:59 - [INFO] End task 'Export data' at 11/08/2022, 15:04:59 in 0 days 0 hours 5 min 8 sec 300485 micros
11/08/2022 15:04:59 - [INFO] Trying to launch subscript 'strate_arboree.py' for current metadata 'EVA 2015' 
11/08/2022 15:05:51 - [INFO] Child process returned 0
11/08/2022 15:05:51 - [INFO] End of subscript 'strate_arboree.py' for 'EVA 2015' 
11/08/2022 15:05:53 - [INFO] GeoJSON file './tmp/temp_result_eva_2015_strate_arboree_11-08-2022_14-59-50.shp' loaded successfully (with 63370 entites)
11/08/2022 15:05:53 - [INFO] Successful convert dataframe geom into WKT format
11/08/2022 15:05:53 - [INFO] Start task 'Inserting GDF data' at 11/08/2022, 15:05:53
11/08/2022 15:05:53 - [INFO] Database connection successfully opened
11/08/2022 15:05:56 - [INFO] Database connection successfully closed
11/08/2022 15:05:56 - [INFO] End task 'Inserting GDF data' at 11/08/2022, 15:05:56 in 0 days 0 hours 0 min 2 sec 473293 micros
11/08/2022 15:05:56 - [INFO] Trying to launch subscript 'strate_basse.py' for current metadata 'EVA 2015' 
11/08/2022 15:07:20 - [INFO] Child process returned 0
11/08/2022 15:07:20 - [INFO] End of subscript 'strate_basse.py' for 'EVA 2015' 
11/08/2022 15:07:25 - [INFO] GeoJSON file './tmp/temp_result_eva_2015_strate_basse_11-08-2022_14-59-50.shp' loaded successfully (with 170384 entites)
11/08/2022 15:07:27 - [INFO] Successful convert dataframe geom into WKT format
11/08/2022 15:07:27 - [INFO] Start task 'Inserting GDF data' at 11/08/2022, 15:07:27
11/08/2022 15:07:27 - [INFO] Database connection successfully opened
11/08/2022 15:07:34 - [INFO] Database connection successfully closed
11/08/2022 15:07:34 - [INFO] End task 'Inserting GDF data' at 11/08/2022, 15:07:34 in 0 days 0 hours 0 min 6 sec 979207 micros
11/08/2022 15:07:34 - [INFO] Trying to launch subscript 'agricole.py' for current metadata 'EVA 2015' 
11/08/2022 15:07:59 - [INFO] Child process returned 0
11/08/2022 15:07:59 - [INFO] End of subscript 'agricole.py' for 'EVA 2015' 
11/08/2022 15:07:59 - [INFO] GeoJSON file './tmp/temp_result_eva_2015_agricole_11-08-2022_14-59-50.shp' loaded successfully (with 6725 entites)
11/08/2022 15:07:59 - [INFO] Successful convert dataframe geom into WKT format
11/08/2022 15:07:59 - [INFO] Start task 'Inserting GDF data' at 11/08/2022, 15:07:59
11/08/2022 15:07:59 - [INFO] Database connection successfully opened
11/08/2022 15:08:00 - [INFO] Database connection successfully closed
11/08/2022 15:08:00 - [INFO] End task 'Inserting GDF data' at 11/08/2022, 15:08:00 in 0 days 0 hours 0 min 0 sec 365849 micros
11/08/2022 15:08:00 - [INFO] Trying to launch subscript 'foret.py' for current metadata 'EVA 2015' 
11/08/2022 15:08:28 - [INFO] Child process returned 0
11/08/2022 15:08:28 - [INFO] End of subscript 'foret.py' for 'EVA 2015' 
11/08/2022 15:08:28 - [INFO] GeoJSON file './tmp/temp_result_eva_2015_foret_11-08-2022_14-59-50.shp' loaded successfully (with 17731 entites)
11/08/2022 15:08:29 - [INFO] Successful convert dataframe geom into WKT format
11/08/2022 15:08:29 - [INFO] Start task 'Inserting GDF data' at 11/08/2022, 15:08:29
11/08/2022 15:08:29 - [INFO] Database connection successfully opened
11/08/2022 15:08:30 - [INFO] Database connection successfully closed
11/08/2022 15:08:30 - [INFO] End task 'Inserting GDF data' at 11/08/2022, 15:08:30 in 0 days 0 hours 0 min 0 sec 904820 micros
11/08/2022 15:08:30 - [INFO] Trying to launch subscript 'arti.py' for current metadata 'EVA 2015' 
11/08/2022 15:09:04 - [INFO] Child process returned 0
11/08/2022 15:09:04 - [INFO] End of subscript 'arti.py' for 'EVA 2015' 
11/08/2022 15:09:04 - [INFO] GeoJSON file './tmp/temp_result_eva_2015_arti_11-08-2022_14-59-50.shp' loaded successfully (with 11051 entites)
11/08/2022 15:09:04 - [INFO] Successful convert dataframe geom into WKT format
11/08/2022 15:09:04 - [INFO] Start task 'Inserting GDF data' at 11/08/2022, 15:09:04
11/08/2022 15:09:04 - [INFO] Database connection successfully opened
11/08/2022 15:09:05 - [INFO] Database connection successfully closed
11/08/2022 15:09:05 - [INFO] End task 'Inserting GDF data' at 11/08/2022, 15:09:05 in 0 days 0 hours 0 min 0 sec 809173 micros
11/08/2022 15:09:05 - [INFO] Begin process for current metadata 'Tracé de métro funiculaire'
11/08/2022 15:09:05 - [INFO] Start task 'Tracé de métro funiculaire process' at 11/08/2022, 15:09:05
11/08/2022 15:09:05 - [INFO] Database connection successfully opened
11/08/2022 15:09:05 - [INFO] Found 0 entites in table datas
11/08/2022 15:09:05 - [INFO] Database connection successfully closed
11/08/2022 15:09:05 - [INFO] Load method for 'Tracé de métro funiculaire' : local geoJSON or SHP file
11/08/2022 15:09:05 - [INFO] GeoJSON file './file_data/lignemetro_funiculaire.geojson' loaded successfully (with 12 entites)
11/08/2022 15:09:05 - [INFO] Current projection of dataframe : epsg:2154
11/08/2022 15:09:05 - [INFO] No need to reproj this dataframe
11/08/2022 15:09:05 - [INFO] Analyze and delete lines with empty geom in current GeoDataFrame
11/08/2022 15:09:05 - [INFO] 0 empty geom(s) was deleted
11/08/2022 15:09:05 - [INFO] Analyze and repair geom(s) in current GeoDataFrame
11/08/2022 15:09:05 - [INFO] 0 geom(s) was repaired
11/08/2022 15:09:05 - [INFO] Start task 'Export data' at 11/08/2022, 15:09:05
11/08/2022 15:09:05 - [INFO] End task 'Export data' at 11/08/2022, 15:09:05 in 0 days 0 hours 0 min 0 sec 19552 micros
11/08/2022 15:09:05 - [INFO] Trying to launch subscript 'metro_funiculaire.py' for current metadata 'Tracé de métro funiculaire' 
11/08/2022 15:09:06 - [INFO] Child process returned 0
11/08/2022 15:09:06 - [INFO] End of subscript 'metro_funiculaire.py' for 'Tracé de métro funiculaire' 
11/08/2022 15:09:06 - [INFO] GeoJSON file './tmp/temp_result_trace_de_metro_funiculaire_metro_funiculaire_11-08-2022_15-09-05.shp' loaded successfully (with 1 entites)
11/08/2022 15:09:06 - [INFO] Successful convert dataframe geom into WKT format
11/08/2022 15:09:06 - [INFO] Start task 'Inserting GDF data' at 11/08/2022, 15:09:06
11/08/2022 15:09:06 - [INFO] Database connection successfully opened
11/08/2022 15:09:06 - [INFO] Database connection successfully closed
11/08/2022 15:09:06 - [INFO] End task 'Inserting GDF data' at 11/08/2022, 15:09:06 in 0 days 0 hours 0 min 0 sec 27643 micros
11/08/2022 15:09:06 - [INFO] Begin process for current metadata 'Tracé de tramway'
11/08/2022 15:09:06 - [INFO] Start task 'Tracé de tramway process' at 11/08/2022, 15:09:06
11/08/2022 15:09:06 - [INFO] Database connection successfully opened
11/08/2022 15:09:06 - [INFO] Found 0 entites in table datas
11/08/2022 15:09:06 - [INFO] Database connection successfully closed
11/08/2022 15:09:06 - [INFO] Load method for 'Tracé de tramway' : local geoJSON or SHP file
11/08/2022 15:09:06 - [INFO] GeoJSON file './file_data/lignetram.geojson' loaded successfully (with 14 entites)
11/08/2022 15:09:06 - [INFO] Current projection of dataframe : epsg:2154
11/08/2022 15:09:06 - [INFO] No need to reproj this dataframe
11/08/2022 15:09:06 - [INFO] Analyze and delete lines with empty geom in current GeoDataFrame
11/08/2022 15:09:06 - [INFO] 0 empty geom(s) was deleted
11/08/2022 15:09:06 - [INFO] Analyze and repair geom(s) in current GeoDataFrame
11/08/2022 15:09:06 - [INFO] 0 geom(s) was repaired
11/08/2022 15:09:06 - [INFO] Start task 'Export data' at 11/08/2022, 15:09:06
11/08/2022 15:09:06 - [INFO] End task 'Export data' at 11/08/2022, 15:09:06 in 0 days 0 hours 0 min 0 sec 67866 micros
11/08/2022 15:09:06 - [INFO] Trying to launch subscript 'tram.py' for current metadata 'Tracé de tramway' 
11/08/2022 15:09:08 - [INFO] Child process returned 0
11/08/2022 15:09:08 - [INFO] End of subscript 'tram.py' for 'Tracé de tramway' 
11/08/2022 15:09:08 - [INFO] GeoJSON file './tmp/temp_result_trace_de_tramway_tram_11-08-2022_15-09-06.shp' loaded successfully (with 1 entites)
11/08/2022 15:09:08 - [INFO] Successful convert dataframe geom into WKT format
11/08/2022 15:09:08 - [INFO] Start task 'Inserting GDF data' at 11/08/2022, 15:09:08
11/08/2022 15:09:08 - [INFO] Database connection successfully opened
11/08/2022 15:09:08 - [INFO] Database connection successfully closed
11/08/2022 15:09:08 - [INFO] End task 'Inserting GDF data' at 11/08/2022, 15:09:08 in 0 days 0 hours 0 min 0 sec 79846 micros
11/08/2022 15:09:08 - [INFO] Begin process for current metadata 'Tracé de bus'
11/08/2022 15:09:08 - [INFO] Start task 'Tracé de bus process' at 11/08/2022, 15:09:08
11/08/2022 15:09:08 - [INFO] Database connection successfully opened
11/08/2022 15:09:08 - [INFO] Found 0 entites in table datas
11/08/2022 15:09:08 - [INFO] Database connection successfully closed
11/08/2022 15:09:08 - [INFO] Load method for 'Tracé de bus' : local geoJSON or SHP file
11/08/2022 15:09:08 - [INFO] GeoJSON file './file_data/lignebus.geojson' loaded successfully (with 355 entites)
11/08/2022 15:09:08 - [INFO] Current projection of dataframe : epsg:2154
11/08/2022 15:09:08 - [INFO] No need to reproj this dataframe
11/08/2022 15:09:08 - [INFO] Analyze and delete lines with empty geom in current GeoDataFrame
11/08/2022 15:09:08 - [INFO] 0 empty geom(s) was deleted
11/08/2022 15:09:08 - [INFO] Analyze and repair geom(s) in current GeoDataFrame
11/08/2022 15:09:08 - [INFO] 0 geom(s) was repaired
11/08/2022 15:09:08 - [INFO] Start task 'Export data' at 11/08/2022, 15:09:08
11/08/2022 15:09:08 - [INFO] End task 'Export data' at 11/08/2022, 15:09:08 in 0 days 0 hours 0 min 0 sec 251970 micros
11/08/2022 15:09:08 - [INFO] Trying to launch subscript 'bus.py' for current metadata 'Tracé de bus' 
11/08/2022 15:09:16 - [INFO] Child process returned 0
11/08/2022 15:09:16 - [INFO] End of subscript 'bus.py' for 'Tracé de bus' 
11/08/2022 15:09:16 - [INFO] GeoJSON file './tmp/temp_result_trace_de_bus_bus_11-08-2022_15-09-08.shp' loaded successfully (with 1 entites)
11/08/2022 15:09:16 - [INFO] Successful convert dataframe geom into WKT format
11/08/2022 15:09:16 - [INFO] Start task 'Inserting GDF data' at 11/08/2022, 15:09:16
11/08/2022 15:09:16 - [INFO] Database connection successfully opened
11/08/2022 15:09:16 - [INFO] Database connection successfully closed
11/08/2022 15:09:16 - [INFO] End task 'Inserting GDF data' at 11/08/2022, 15:09:16 in 0 days 0 hours 0 min 0 sec 350590 micros
11/08/2022 15:09:16 - [INFO] Begin process for current metadata 'Réseaux gaz'
11/08/2022 15:09:16 - [INFO] Start task 'Réseaux gaz process' at 11/08/2022, 15:09:16
11/08/2022 15:09:16 - [INFO] Database connection successfully opened
11/08/2022 15:09:16 - [INFO] Found 0 entites in table datas
11/08/2022 15:09:16 - [INFO] Database connection successfully closed
11/08/2022 15:09:16 - [INFO] Load method for 'Réseaux gaz' : local geoJSON or SHP file
11/08/2022 15:09:24 - [INFO] GeoJSON file './file_data/rsx_gaz.geojson' loaded successfully (with 67982 entites)
11/08/2022 15:09:24 - [INFO] Current projection of dataframe : epsg:2154
11/08/2022 15:09:24 - [INFO] No need to reproj this dataframe
11/08/2022 15:09:24 - [INFO] Analyze and delete lines with empty geom in current GeoDataFrame
11/08/2022 15:09:24 - [INFO] 0 empty geom(s) was deleted
11/08/2022 15:09:24 - [INFO] Analyze and repair geom(s) in current GeoDataFrame
11/08/2022 15:09:24 - [INFO] 0 geom(s) was repaired
11/08/2022 15:09:24 - [INFO] Start task 'Export data' at 11/08/2022, 15:09:24
11/08/2022 15:09:35 - [INFO] End task 'Export data' at 11/08/2022, 15:09:35 in 0 days 0 hours 0 min 10 sec 568458 micros
11/08/2022 15:09:35 - [INFO] Trying to launch subscript 'gaz.py' for current metadata 'Réseaux gaz' 
11/08/2022 15:10:21 - [INFO] Child process returned 0
11/08/2022 15:10:21 - [INFO] End of subscript 'gaz.py' for 'Réseaux gaz' 
11/08/2022 15:10:21 - [INFO] GeoJSON file './tmp/temp_result_reseaux_gaz_gaz_11-08-2022_15-09-24.shp' loaded successfully (with 58 entites)
11/08/2022 15:10:22 - [INFO] Successful convert dataframe geom into WKT format
11/08/2022 15:10:22 - [INFO] Start task 'Inserting GDF data' at 11/08/2022, 15:10:22
11/08/2022 15:10:22 - [INFO] Database connection successfully opened
11/08/2022 15:10:24 - [INFO] Database connection successfully closed
11/08/2022 15:10:24 - [INFO] End task 'Inserting GDF data' at 11/08/2022, 15:10:24 in 0 days 0 hours 0 min 2 sec 917910 micros
11/08/2022 15:10:24 - [INFO] Begin process for current metadata 'Réseaux souterrains Enedis'
11/08/2022 15:10:24 - [INFO] Start task 'Réseaux souterrains Enedis process' at 11/08/2022, 15:10:24
11/08/2022 15:10:24 - [INFO] Database connection successfully opened
11/08/2022 15:10:25 - [INFO] Found 0 entites in table datas
11/08/2022 15:10:25 - [INFO] Database connection successfully closed
11/08/2022 15:10:25 - [INFO] Load method for 'Réseaux souterrains Enedis' : local geoJSON or SHP file
11/08/2022 15:10:42 - [INFO] GeoJSON file './file_data/rsx_souterrain_enedis.geojson' loaded successfully (with 128680 entites)
11/08/2022 15:10:42 - [INFO] Current projection of dataframe : epsg:2154
11/08/2022 15:10:42 - [INFO] No need to reproj this dataframe
11/08/2022 15:10:42 - [INFO] Analyze and delete lines with empty geom in current GeoDataFrame
11/08/2022 15:10:42 - [INFO] 0 empty geom(s) was deleted
11/08/2022 15:10:42 - [INFO] Analyze and repair geom(s) in current GeoDataFrame
11/08/2022 15:10:42 - [INFO] 0 geom(s) was repaired
11/08/2022 15:10:42 - [INFO] Start task 'Export data' at 11/08/2022, 15:10:42
11/08/2022 15:11:05 - [INFO] End task 'Export data' at 11/08/2022, 15:11:05 in 0 days 0 hours 0 min 22 sec 710186 micros
11/08/2022 15:11:05 - [INFO] Trying to launch subscript 'souterrain_enedis.py' for current metadata 'Réseaux souterrains Enedis' 
11/08/2022 15:16:20 - [INFO] Child process returned 0
11/08/2022 15:16:20 - [INFO] End of subscript 'souterrain_enedis.py' for 'Réseaux souterrains Enedis' 
11/08/2022 15:16:21 - [INFO] GeoJSON file './tmp/temp_result_reseaux_souterrains_enedis_souterrain_enedis_11-08-2022_15-10-42.shp' loaded successfully (with 1486 entites)
11/08/2022 15:16:23 - [INFO] Successful convert dataframe geom into WKT format
11/08/2022 15:16:23 - [INFO] Start task 'Inserting GDF data' at 11/08/2022, 15:16:23
11/08/2022 15:16:23 - [INFO] Database connection successfully opened
11/08/2022 15:16:31 - [INFO] Database connection successfully closed
11/08/2022 15:16:31 - [INFO] End task 'Inserting GDF data' at 11/08/2022, 15:16:31 in 0 days 0 hours 0 min 8 sec 164246 micros
11/08/2022 15:16:31 - [INFO] Begin process for current metadata 'Réseaux aériens Enedis'
11/08/2022 15:16:31 - [INFO] Start task 'Réseaux aériens Enedis process' at 11/08/2022, 15:16:31
11/08/2022 15:16:31 - [INFO] Database connection successfully opened
11/08/2022 15:16:31 - [INFO] Found 0 entites in table datas
11/08/2022 15:16:31 - [INFO] Database connection successfully closed
11/08/2022 15:16:31 - [INFO] Load method for 'Réseaux aériens Enedis' : local geoJSON or SHP file
11/08/2022 15:16:33 - [INFO] GeoJSON file './file_data/rsx_aerien_enedis.geojson' loaded successfully (with 15635 entites)
11/08/2022 15:16:33 - [INFO] Current projection of dataframe : epsg:2154
11/08/2022 15:16:33 - [INFO] No need to reproj this dataframe
11/08/2022 15:16:33 - [INFO] Analyze and delete lines with empty geom in current GeoDataFrame
11/08/2022 15:16:33 - [INFO] 0 empty geom(s) was deleted
11/08/2022 15:16:33 - [INFO] Analyze and repair geom(s) in current GeoDataFrame
11/08/2022 15:16:33 - [INFO] 0 geom(s) was repaired
11/08/2022 15:16:33 - [INFO] Start task 'Export data' at 11/08/2022, 15:16:33
11/08/2022 15:16:36 - [INFO] End task 'Export data' at 11/08/2022, 15:16:36 in 0 days 0 hours 0 min 2 sec 507707 micros
11/08/2022 15:16:36 - [INFO] Trying to launch subscript 'aerien_enedis.py' for current metadata 'Réseaux aériens Enedis' 
11/08/2022 15:16:42 - [INFO] Child process returned 0
11/08/2022 15:16:42 - [INFO] End of subscript 'aerien_enedis.py' for 'Réseaux aériens Enedis' 
11/08/2022 15:16:43 - [INFO] GeoJSON file './tmp/temp_result_reseaux_aeriens_enedis_aerien_enedis_11-08-2022_15-16-33.shp' loaded successfully (with 4192 entites)
11/08/2022 15:16:43 - [INFO] Successful convert dataframe geom into WKT format
11/08/2022 15:16:43 - [INFO] Start task 'Inserting GDF data' at 11/08/2022, 15:16:43
11/08/2022 15:16:43 - [INFO] Database connection successfully opened
11/08/2022 15:16:44 - [INFO] Database connection successfully closed
11/08/2022 15:16:44 - [INFO] End task 'Inserting GDF data' at 11/08/2022, 15:16:44 in 0 days 0 hours 0 min 1 sec 57109 micros
11/08/2022 15:16:44 - [INFO] End task 'Réseaux aériens Enedis process' at 11/08/2022, 15:16:44 in 0 days 0 hours 0 min 13 sec 167079 micros
11/08/2022 15:16:44 - [INFO] End initialisation of 'Datas'
